#
# There is insufficient memory for the Java Runtime Environment to continue.
# Native memory allocation (malloc) failed to allocate 2306896 bytes for Chunk::new
# Possible reasons:
#   The system is out of physical RAM or swap space
#   In 32 bit mode, the process size limit was hit
# Possible solutions:
#   Reduce memory load on the system
#   Increase physical memory or swap space
#   Check if swap backing store is full
#   Use 64 bit Java on a 64 bit OS
#   Decrease Java heap size (-Xmx/-Xms)
#   Decrease number of Java threads
#   Decrease Java thread stack sizes (-Xss)
#   Set larger code cache with -XX:ReservedCodeCacheSize=
# This output file may be truncated or incomplete.
#
#  Out of Memory Error (allocation.cpp:390), pid=984, tid=0x0000000000002d88
#
# JRE version: Java(TM) SE Runtime Environment (8.0_144-b01) (build 1.8.0_144-b01)
# Java VM: Java HotSpot(TM) 64-Bit Server VM (25.144-b01 mixed mode windows-amd64 compressed oops)
# Failed to write core dump. Minidumps are not enabled by default on client versions of Windows
#

---------------  T H R E A D  ---------------

Current thread (0x000000001b5ad800):  JavaThread "C2 CompilerThread0" daemon [_thread_in_native, id=11656, stack(0x000000001bc70000,0x000000001bd70000)]

Stack: [0x000000001bc70000,0x000000001bd70000]
[error occurred during error reporting (printing stack bounds), id 0xc0000005]

Native frames: (J=compiled Java code, j=interpreted, Vv=VM code, C=native code)


Current CompileTask:
C2:   4023 1722       4       java.net.URLClassLoader$1::run (5 bytes)


---------------  P R O C E S S  ---------------

Java Threads: ( => current thread )
  0x000000001b645800 JavaThread "Service Thread" daemon [_thread_blocked, id=12232, stack(0x000000001bf70000,0x000000001c070000)]
  0x000000001b620000 JavaThread "C1 CompilerThread2" daemon [_thread_in_native, id=3220, stack(0x000000001be70000,0x000000001bf70000)]
  0x000000001b5b1800 JavaThread "C2 CompilerThread1" daemon [_thread_in_native, id=11448, stack(0x000000001bd70000,0x000000001be70000)]
=>0x000000001b5ad800 JavaThread "C2 CompilerThread0" daemon [_thread_in_native, id=11656, stack(0x000000001bc70000,0x000000001bd70000)]
  0x000000001b5ac000 JavaThread "Monitor Ctrl-Break" daemon [_thread_in_native, id=17316, stack(0x000000001bb70000,0x000000001bc70000)]
  0x000000001b57a800 JavaThread "Attach Listener" daemon [_thread_blocked, id=3060, stack(0x000000001ba70000,0x000000001bb70000)]
  0x000000001a237000 JavaThread "Signal Dispatcher" daemon [_thread_blocked, id=6388, stack(0x000000001b970000,0x000000001ba70000)]
  0x0000000003186000 JavaThread "Finalizer" daemon [_thread_blocked, id=10100, stack(0x000000001b470000,0x000000001b570000)]
  0x000000001a1a9000 JavaThread "Reference Handler" daemon [_thread_blocked, id=12088, stack(0x000000001b370000,0x000000001b470000)]
  0x0000000002dee000 JavaThread "main" [_thread_in_vm, id=14120, stack(0x0000000002df0000,0x0000000002ef0000)]

Other Threads:
  0x000000001a1a7800 VMThread [stack: 0x000000001b270000,0x000000001b370000] [id=3476]
  0x000000001b66b800 WatcherThread [stack: 0x000000001c070000,0x000000001c170000] [id=17292]

VM state:not at safepoint (normal execution)

VM Mutex/Monitor currently owned by a thread: None

Heap:
 PSYoungGen      total 56832K, used 21445K [0x0000000780b00000, 0x0000000787a00000, 0x00000007c0000000)
  eden space 49152K, 28% used [0x0000000780b00000,0x0000000781876af0,0x0000000783b00000)
  from space 7680K, 99% used [0x0000000784280000,0x00000007849fac80,0x0000000784a00000)
  to   space 7680K, 0% used [0x0000000783b00000,0x0000000783b00000,0x0000000784280000)
 ParOldGen       total 130048K, used 1927K [0x0000000702000000, 0x0000000709f00000, 0x0000000780b00000)
  object space 130048K, 1% used [0x0000000702000000,0x00000007021e1d40,0x0000000709f00000)
 Metaspace       used 15913K, capacity 16222K, committed 16384K, reserved 1062912K
  class space    used 1934K, capacity 2007K, committed 2048K, reserved 1048576K

Card table byte_map: [0x0000000012550000,0x0000000012b50000] byte_map_base: 0x000000000ed40000

Marking Bits: (ParMarkBitMap*) 0x0000000063f4d850
 Begin Bits: [0x0000000013350000, 0x00000000162d0000)
 End Bits:   [0x00000000162d0000, 0x0000000019250000)

Polling page: 0x0000000000b20000

CodeCache: size=245760Kb used=7025Kb max_used=7025Kb free=238734Kb
 bounds [0x0000000003190000, 0x0000000003880000, 0x0000000012190000]
 total_blobs=2431 nmethods=2061 adapters=282
 compilation: enabled

Compilation events (10 events):
Event: 3.978 Thread 0x000000001b620000 2014       2       org.apache.maven.model.PluginContainer::setLocation (35 bytes)
Event: 3.979 Thread 0x000000001b620000 nmethod 2014 0x0000000003857c50 code [0x0000000003857dc0, 0x0000000003857fe8]
Event: 3.979 Thread 0x000000001b620000 2015       2       org.apache.maven.model.PluginContainer::getLocation (25 bytes)
Event: 3.979 Thread 0x000000001b620000 nmethod 2015 0x00000000038580d0 code [0x0000000003858240, 0x0000000003858408]
Event: 3.979 Thread 0x000000001b620000 2016       2       org.apache.maven.model.PluginContainer::getPlugins (23 bytes)
Event: 3.979 Thread 0x000000001b620000 nmethod 2016 0x00000000038584d0 code [0x0000000003858620, 0x0000000003858810]
Event: 3.979 Thread 0x000000001b620000 2017       2       java.lang.CharacterDataLatin1::toTitleCase (6 bytes)
Event: 3.979 Thread 0x000000001b620000 nmethod 2017 0x00000000038588d0 code [0x0000000003858a40, 0x0000000003858ba8]
Event: 3.980 Thread 0x000000001b620000 2018       1       org.eclipse.aether.repository.RemoteRepository::isRepositoryManager (5 bytes)
Event: 3.980 Thread 0x000000001b620000 nmethod 2018 0x0000000003858c50 code [0x0000000003858da0, 0x0000000003858eb0]

GC Heap History (4 events):
Event: 2.067 GC heap before
{Heap before GC invocations=1 (full 0):
 PSYoungGen      total 56832K, used 49152K [0x0000000780b00000, 0x0000000784a00000, 0x00000007c0000000)
  eden space 49152K, 100% used [0x0000000780b00000,0x0000000783b00000,0x0000000783b00000)
  from space 7680K, 0% used [0x0000000784280000,0x0000000784280000,0x0000000784a00000)
  to   space 7680K, 0% used [0x0000000783b00000,0x0000000783b00000,0x0000000784280000)
 ParOldGen       total 130048K, used 0K [0x0000000702000000, 0x0000000709f00000, 0x0000000780b00000)
  object space 130048K, 0% used [0x0000000702000000,0x0000000702000000,0x0000000709f00000)
 Metaspace       used 9934K, capacity 10180K, committed 10496K, reserved 1058816K
  class space    used 1207K, capacity 1246K, committed 1280K, reserved 1048576K
Event: 2.081 GC heap after
Heap after GC invocations=1 (full 0):
 PSYoungGen      total 56832K, used 7236K [0x0000000780b00000, 0x0000000784a00000, 0x00000007c0000000)
  eden space 49152K, 0% used [0x0000000780b00000,0x0000000780b00000,0x0000000783b00000)
  from space 7680K, 94% used [0x0000000783b00000,0x0000000784211090,0x0000000784280000)
  to   space 7680K, 0% used [0x0000000784280000,0x0000000784280000,0x0000000784a00000)
 ParOldGen       total 130048K, used 8K [0x0000000702000000, 0x0000000709f00000, 0x0000000780b00000)
  object space 130048K, 0% used [0x0000000702000000,0x0000000702002000,0x0000000709f00000)
 Metaspace       used 9934K, capacity 10180K, committed 10496K, reserved 1058816K
  class space    used 1207K, capacity 1246K, committed 1280K, reserved 1048576K
}
Event: 3.553 GC heap before
{Heap before GC invocations=2 (full 0):
 PSYoungGen      total 56832K, used 56388K [0x0000000780b00000, 0x0000000784a00000, 0x00000007c0000000)
  eden space 49152K, 100% used [0x0000000780b00000,0x0000000783b00000,0x0000000783b00000)
  from space 7680K, 94% used [0x0000000783b00000,0x0000000784211090,0x0000000784280000)
  to   space 7680K, 0% used [0x0000000784280000,0x0000000784280000,0x0000000784a00000)
 ParOldGen       total 130048K, used 8K [0x0000000702000000, 0x0000000709f00000, 0x0000000780b00000)
  object space 130048K, 0% used [0x0000000702000000,0x0000000702002000,0x0000000709f00000)
 Metaspace       used 15597K, capacity 15878K, committed 16128K, reserved 1062912K
  class space    used 1905K, capacity 2003K, committed 2048K, reserved 1048576K
Event: 3.583 GC heap after
Heap after GC invocations=2 (full 0):
 PSYoungGen      total 56832K, used 7659K [0x0000000780b00000, 0x0000000787a00000, 0x00000007c0000000)
  eden space 49152K, 0% used [0x0000000780b00000,0x0000000780b00000,0x0000000783b00000)
  from space 7680K, 99% used [0x0000000784280000,0x00000007849fac80,0x0000000784a00000)
  to   space 7680K, 0% used [0x0000000783b00000,0x0000000783b00000,0x0000000784280000)
 ParOldGen       total 130048K, used 1927K [0x0000000702000000, 0x0000000709f00000, 0x0000000780b00000)
  object space 130048K, 1% used [0x0000000702000000,0x00000007021e1d40,0x0000000709f00000)
 Metaspace       used 15597K, capacity 15878K, committed 16128K, reserved 1062912K
  class space    used 1905K, capacity 2003K, committed 2048K, reserved 1048576K
}

Deoptimization events (10 events):
Event: 3.117 Thread 0x0000000002dee000 Uncommon trap: reason=null_check action=make_not_entrant pc=0x0000000003368e08 method=java.lang.String.equals(Ljava/lang/Object;)Z @ 8
Event: 3.142 Thread 0x0000000002dee000 Uncommon trap: reason=unstable_if action=reinterpret pc=0x00000000034b947c method=org.codehaus.plexus.util.xml.pull.MXParser.parseStartTag()I @ 443
Event: 3.220 Thread 0x0000000002dee000 Uncommon trap: reason=unstable_if action=reinterpret pc=0x00000000033f16c8 method=sun.nio.cs.UTF_8$Decoder.decode([BII[C)I @ 30
Event: 3.228 Thread 0x0000000002dee000 Uncommon trap: reason=unstable_if action=reinterpret pc=0x0000000003437304 method=sun.nio.cs.UTF_8$Decoder.decodeArrayLoop(Ljava/nio/ByteBuffer;Ljava/nio/CharBuffer;)Ljava/nio/charset/CoderResult; @ 84
Event: 3.244 Thread 0x0000000002dee000 Uncommon trap: reason=unstable_if action=reinterpret pc=0x000000000334b910 method=java.lang.String.replace(CC)Ljava/lang/String; @ 2
Event: 3.395 Thread 0x0000000002dee000 Uncommon trap: reason=unstable_if action=reinterpret pc=0x000000000374b30c method=org.codehaus.plexus.util.xml.pull.MXParser.nextImpl()I @ 879
Event: 3.405 Thread 0x0000000002dee000 Uncommon trap: reason=unstable_if action=reinterpret pc=0x0000000003719920 method=org.codehaus.plexus.util.xml.pull.MXParser.isS(C)Z @ 21
Event: 3.766 Thread 0x0000000002dee000 Uncommon trap: reason=unstable_if action=reinterpret pc=0x00000000035801e4 method=java.util.HashMap.hash(Ljava/lang/Object;)I @ 1
Event: 3.766 Thread 0x0000000002dee000 Uncommon trap: reason=unstable_if action=reinterpret pc=0x0000000003529128 method=java.util.HashMap.hash(Ljava/lang/Object;)I @ 1
Event: 3.855 Thread 0x0000000002dee000 Uncommon trap: reason=unstable_if action=reinterpret pc=0x0000000003609480 method=java.util.HashMap.hash(Ljava/lang/Object;)I @ 1

Internal exceptions (10 events):
Event: 1.373 Thread 0x0000000002dee000 Exception <a 'java/lang/ArrayIndexOutOfBoundsException'> (0x000000078243fc30) thrown at [C:\re\workspace\8-2-build-windows-amd64-cygwin\jdk8u144\9417\hotspot\src\share\vm\runtime\sharedRuntime.cpp, line 605]
Event: 1.373 Thread 0x0000000002dee000 Exception <a 'java/lang/ArrayIndexOutOfBoundsException'> (0x0000000782441678) thrown at [C:\re\workspace\8-2-build-windows-amd64-cygwin\jdk8u144\9417\hotspot\src\share\vm\runtime\sharedRuntime.cpp, line 605]
Event: 1.374 Thread 0x0000000002dee000 Exception <a 'java/lang/ArrayIndexOutOfBoundsException': 113> (0x0000000782443fe0) thrown at [C:\re\workspace\8-2-build-windows-amd64-cygwin\jdk8u144\9417\hotspot\src\share\vm\interpreter\interpreterRuntime.cpp, line 366]
Event: 2.904 Thread 0x0000000002dee000 Exception <a 'java/lang/NoClassDefFoundError': com/google/inject/servlet/ServletModuleTargetVisitor> (0x0000000782928780) thrown at [C:\re\workspace\8-2-build-windows-amd64-cygwin\jdk8u144\9417\hotspot\src\share\vm\classfile\systemDictionary.cpp, line 199
Event: 2.904 Thread 0x0000000002dee000 Exception <a 'java/lang/NoClassDefFoundError'> (0x0000000782928780) thrown at [C:\re\workspace\8-2-build-windows-amd64-cygwin\jdk8u144\9417\hotspot\src\share\vm\prims\jvm.cpp, line 1394]
Event: 2.905 Thread 0x0000000002dee000 Exception <a 'java/lang/NoClassDefFoundError': javax/annotation/Priority> (0x000000078292d160) thrown at [C:\re\workspace\8-2-build-windows-amd64-cygwin\jdk8u144\9417\hotspot\src\share\vm\classfile\systemDictionary.cpp, line 199]
Event: 3.117 Thread 0x0000000002dee000 Implicit null exception at 0x0000000003368c1c to 0x0000000003368df9
Event: 3.766 Thread 0x0000000002dee000 Implicit null exception at 0x000000000357ffd5 to 0x00000000035801d5
Event: 3.766 Thread 0x0000000002dee000 Implicit null exception at 0x00000000035290af to 0x0000000003529119
Event: 3.855 Thread 0x0000000002dee000 Implicit null exception at 0x0000000003608fdb to 0x0000000003609465

Events (10 events):
Event: 3.928 loading class org/eclipse/aether/internal/impl/DataPool$Constraint
Event: 3.928 loading class org/eclipse/aether/internal/impl/DataPool$Constraint done
Event: 3.929 loading class org/eclipse/aether/internal/impl/DataPool$Constraint$VersionRepo
Event: 3.929 loading class org/eclipse/aether/internal/impl/DataPool$Constraint$VersionRepo done
Event: 3.948 loading class org/eclipse/aether/internal/impl/DataPool$GoodDescriptor
Event: 3.948 loading class org/eclipse/aether/internal/impl/DataPool$GoodDescriptor done
Event: 3.948 loading class org/eclipse/aether/internal/impl/DataPool$Descriptor
Event: 3.948 loading class org/eclipse/aether/internal/impl/DataPool$Descriptor done
Event: 3.949 loading class org/eclipse/aether/internal/impl/DataPool$GraphKey
Event: 3.949 loading class org/eclipse/aether/internal/impl/DataPool$GraphKey done


Dynamic libraries:
0x00007ff72a260000 - 0x00007ff72a297000 	C:\Program Files\Java\jdk1.8.0_144\bin\java.exe
0x00007fff43dd0000 - 0x00007fff43fb1000 	C:\WINDOWS\SYSTEM32\ntdll.dll
0x00007fff438d0000 - 0x00007fff43982000 	C:\WINDOWS\System32\KERNEL32.DLL
0x00007fff40240000 - 0x00007fff404b3000 	C:\WINDOWS\System32\KERNELBASE.dll
0x00007fff412d0000 - 0x00007fff41371000 	C:\WINDOWS\System32\ADVAPI32.dll
0x00007fff43280000 - 0x00007fff4331e000 	C:\WINDOWS\System32\msvcrt.dll
0x00007fff41830000 - 0x00007fff4188b000 	C:\WINDOWS\System32\sechost.dll
0x00007fff42fc0000 - 0x00007fff430e4000 	C:\WINDOWS\System32\RPCRT4.dll
0x00007fff430f0000 - 0x00007fff43280000 	C:\WINDOWS\System32\USER32.dll
0x00007fff40220000 - 0x00007fff40240000 	C:\WINDOWS\System32\win32u.dll
0x00007fff42f90000 - 0x00007fff42fb8000 	C:\WINDOWS\System32\GDI32.dll
0x00007fff404c0000 - 0x00007fff40652000 	C:\WINDOWS\System32\gdi32full.dll
0x00007fff410c0000 - 0x00007fff4115f000 	C:\WINDOWS\System32\msvcp_win.dll
0x00007fff41160000 - 0x00007fff4125a000 	C:\WINDOWS\System32\ucrtbase.dll
0x00007fff38f40000 - 0x00007fff391a9000 	C:\WINDOWS\WinSxS\amd64_microsoft.windows.common-controls_6595b64144ccf1df_6.0.17134.472_none_fb3f9af53068156d\COMCTL32.dll
0x00007fff41380000 - 0x00007fff416a2000 	C:\WINDOWS\System32\combase.dll
0x00007fff401a0000 - 0x00007fff4021a000 	C:\WINDOWS\System32\bcryptPrimitives.dll
0x00007fff41890000 - 0x00007fff418bd000 	C:\WINDOWS\System32\IMM32.DLL
0x0000000063fd0000 - 0x00000000640a2000 	C:\Program Files\Java\jdk1.8.0_144\jre\bin\msvcr100.dll
0x0000000063730000 - 0x0000000063fcd000 	C:\Program Files\Java\jdk1.8.0_144\jre\bin\server\jvm.dll
0x00007fff439f0000 - 0x00007fff439f8000 	C:\WINDOWS\System32\PSAPI.DLL
0x00007fff3efd0000 - 0x00007fff3efd9000 	C:\WINDOWS\SYSTEM32\WSOCK32.dll
0x00007fff42f20000 - 0x00007fff42f8c000 	C:\WINDOWS\System32\WS2_32.dll
0x00007fff3a6d0000 - 0x00007fff3a6f3000 	C:\WINDOWS\SYSTEM32\WINMM.dll
0x00007fff39bc0000 - 0x00007fff39bea000 	C:\WINDOWS\SYSTEM32\winmmbase.dll
0x00007fff40850000 - 0x00007fff40899000 	C:\WINDOWS\System32\cfgmgr32.dll
0x00007fff3a0f0000 - 0x00007fff3a0fa000 	C:\WINDOWS\SYSTEM32\VERSION.dll
0x0000000063720000 - 0x000000006372f000 	C:\Program Files\Java\jdk1.8.0_144\jre\bin\verify.dll
0x00000000636f0000 - 0x0000000063719000 	C:\Program Files\Java\jdk1.8.0_144\jre\bin\java.dll
0x00000000636c0000 - 0x00000000636e3000 	C:\Program Files\Java\jdk1.8.0_144\jre\bin\instrument.dll
0x00000000636a0000 - 0x00000000636b6000 	C:\Program Files\Java\jdk1.8.0_144\jre\bin\zip.dll
0x00007fff41ae0000 - 0x00007fff42f20000 	C:\WINDOWS\System32\SHELL32.dll
0x00007fff43af0000 - 0x00007fff43b99000 	C:\WINDOWS\System32\shcore.dll
0x00007fff409b0000 - 0x00007fff410bd000 	C:\WINDOWS\System32\windows.storage.dll
0x00007fff43ba0000 - 0x00007fff43bf1000 	C:\WINDOWS\System32\shlwapi.dll
0x00007fff40180000 - 0x00007fff40191000 	C:\WINDOWS\System32\kernel.appcore.dll
0x00007fff40160000 - 0x00007fff4017f000 	C:\WINDOWS\System32\profapi.dll
0x00007fff400e0000 - 0x00007fff4012c000 	C:\WINDOWS\System32\powrprof.dll
0x00007fff40150000 - 0x00007fff4015a000 	C:\WINDOWS\System32\FLTLIB.DLL
0x00007fff33830000 - 0x00007fff3384a000 	D:\Develop\IntelliJ IDEA 2017.3.4\bin\breakgen64.dll
0x0000000063680000 - 0x000000006369a000 	C:\Program Files\Java\jdk1.8.0_144\jre\bin\net.dll
0x00007fff3f960000 - 0x00007fff3f9c6000 	C:\WINDOWS\system32\mswsock.dll
0x00007fff3fb10000 - 0x00007fff3fb27000 	C:\WINDOWS\SYSTEM32\CRYPTSP.dll
0x00007fff3f540000 - 0x00007fff3f573000 	C:\WINDOWS\system32\rsaenh.dll
0x00007fff3fc40000 - 0x00007fff3fc65000 	C:\WINDOWS\SYSTEM32\bcrypt.dll
0x00007fff3ffe0000 - 0x00007fff40008000 	C:\WINDOWS\SYSTEM32\USERENV.dll
0x00007fff3fb30000 - 0x00007fff3fb3b000 	C:\WINDOWS\SYSTEM32\CRYPTBASE.dll
0x00007fff3f6e0000 - 0x00007fff3f718000 	C:\WINDOWS\SYSTEM32\IPHLPAPI.DLL
0x00007fff417a0000 - 0x00007fff417a8000 	C:\WINDOWS\System32\NSI.dll
0x00007fff3ca40000 - 0x00007fff3ca56000 	C:\WINDOWS\SYSTEM32\dhcpcsvc6.DLL
0x00007fff3ca10000 - 0x00007fff3ca2a000 	C:\WINDOWS\SYSTEM32\dhcpcsvc.DLL
0x0000000063660000 - 0x0000000063671000 	C:\Program Files\Java\jdk1.8.0_144\jre\bin\nio.dll
0x00007fff32d40000 - 0x00007fff32d4a000 	C:\Users\asus\AppData\Local\Temp\jansi-1.16-4965600123160736019.dll
0x00007fff32d30000 - 0x00007fff32d3a000 	C:\Users\asus\AppData\Local\Temp\jansi-1.16-8366714850799162639.dll

VM Arguments:
jvm_args: -Dmaven.multiModuleProjectDirectory=D:\Develop\pinyougou_project\pinyougou_parent\pinyougou_page_web -Dfile.encoding=GB2312 -Darchetypecatalog=internal -Dmaven.home=D:\Develop\apache-maven-3.5.2 -Dclassworlds.conf=D:\Develop\apache-maven-3.5.2\bin\m2.conf -javaagent:D:\Develop\IntelliJ IDEA 2017.3.4\lib\idea_rt.jar=58425:D:\Develop\IntelliJ IDEA 2017.3.4\bin 
java_command: org.codehaus.classworlds.Launcher -Didea.version=2017.3.4 --offline -s D:\Develop\apache-maven-3.5.2\conf\settings.xml tomcat7:run
java_class_path (initial): D:\Develop\apache-maven-3.5.2\boot\plexus-classworlds-2.5.2.jar;D:\Develop\IntelliJ IDEA 2017.3.4\lib\idea_rt.jar
Launcher Type: SUN_STANDARD

Environment Variables:
JAVA_HOME=C:\Program Files\Java\jdk1.8.0_144
PATH=C:\Program Files\Java\jdk1.8.0_144\bin;C:\Program Files (x86)\NVIDIA Corporation\PhysX\Common;C:\Windows\system32;C:\Windows;C:\Windows\System32\Wbem;C:\Windows\System32\WindowsPowerShell\v1.0\;D:\Program Files\MySQL\MySQL Server 5.5\bin;C:\WINDOWS\system32;C:\WINDOWS;C:\WINDOWS\System32\Wbem;C:\WINDOWS\System32\WindowsPowerShell\v1.0\;C:\WINDOWS\System32\OpenSSH\;D:\Develop\apache-maven-3.5.2\bin;D:\Develop\Git\cmd;D:\Develop\TortoiseGit\bin;C:\Users\asus\AppData\Local\Microsoft\WindowsApps;;D:\Microsoft VS Code\bin
USERNAME=asus
OS=Windows_NT
PROCESSOR_IDENTIFIER=Intel64 Family 6 Model 78 Stepping 3, GenuineIntel



---------------  S Y S T E M  ---------------

OS: Windows 10.0 , 64 bit Build 17134 (10.0.17134.1)

CPU:total 4 (initial active 4) (2 cores per cpu, 2 threads per core) family 6 model 78 stepping 3, cmov, cx8, fxsr, mmx, sse, sse2, sse3, ssse3, sse4.1, sse4.2, popcnt, avx, avx2, aes, clmul, erms, 3dnowpref, lzcnt, ht, tsc, tscinvbit, bmi1, bmi2, adx

Memory: 4k page, physical 12446852k(3226944k free), swap 25554048k(3320k free)

vm_info: Java HotSpot(TM) 64-Bit Server VM (25.144-b01) for windows-amd64 JRE (1.8.0_144-b01), built on Jul 21 2017 21:57:33 by "java_re" with MS VC++ 10.0 (VS2010)

time: Mon Dec 24 11:07:55 2018
elapsed time: 4 seconds (0d 0h 0m 4s)

