#
# There is insufficient memory for the Java Runtime Environment to continue.
# Native memory allocation (malloc) failed to allocate 65552 bytes for Chunk::new
# Possible reasons:
#   The system is out of physical RAM or swap space
#   In 32 bit mode, the process size limit was hit
# Possible solutions:
#   Reduce memory load on the system
#   Increase physical memory or swap space
#   Check if swap backing store is full
#   Use 64 bit Java on a 64 bit OS
#   Decrease Java heap size (-Xmx/-Xms)
#   Decrease number of Java threads
#   Decrease Java thread stack sizes (-Xss)
#   Set larger code cache with -XX:ReservedCodeCacheSize=
# This output file may be truncated or incomplete.
#
#  Out of Memory Error (allocation.cpp:390), pid=14400, tid=0x00000000000007dc
#
# JRE version: Java(TM) SE Runtime Environment (8.0_144-b01) (build 1.8.0_144-b01)
# Java VM: Java HotSpot(TM) 64-Bit Server VM (25.144-b01 mixed mode windows-amd64 compressed oops)
# Failed to write core dump. Minidumps are not enabled by default on client versions of Windows
#

---------------  T H R E A D  ---------------

Current thread (0x000000001b6c1800):  JavaThread "C2 CompilerThread1" daemon [_thread_in_native, id=2012, stack(0x000000001be80000,0x000000001bf80000)]

Stack: [0x000000001be80000,0x000000001bf80000]
[error occurred during error reporting (printing stack bounds), id 0xc0000005]

Native frames: (J=compiled Java code, j=interpreted, Vv=VM code, C=native code)


Current CompileTask:
C2:   7351 4041       4       org.apache.catalina.startup.ContextConfig::populateSCIsForCacheEntry (192 bytes)


---------------  P R O C E S S  ---------------

Java Threads: ( => current thread )
  0x000000001c686800 JavaThread "localhost-startStop-1" daemon [_thread_in_native, id=5800, stack(0x0000000022090000,0x0000000022190000)]
  0x000000001cb60800 JavaThread "Tomcat-startStop-1" daemon [_thread_blocked, id=4052, stack(0x0000000021f90000,0x0000000022090000)]
  0x000000001b74c000 JavaThread "Service Thread" daemon [_thread_blocked, id=3064, stack(0x000000001c080000,0x000000001c180000)]
  0x000000001b6c6800 JavaThread "C1 CompilerThread2" daemon [_thread_blocked, id=9560, stack(0x000000001bf80000,0x000000001c080000)]
=>0x000000001b6c1800 JavaThread "C2 CompilerThread1" daemon [_thread_in_native, id=2012, stack(0x000000001be80000,0x000000001bf80000)]
  0x000000001b6bd000 JavaThread "C2 CompilerThread0" daemon [_thread_in_native, id=18224, stack(0x000000001bd80000,0x000000001be80000)]
  0x000000001b6bb800 JavaThread "Monitor Ctrl-Break" daemon [_thread_in_native, id=600, stack(0x000000001bc80000,0x000000001bd80000)]
  0x000000001a388000 JavaThread "Attach Listener" daemon [_thread_blocked, id=9976, stack(0x000000001bb80000,0x000000001bc80000)]
  0x000000001a387800 JavaThread "Signal Dispatcher" daemon [_thread_blocked, id=17264, stack(0x000000001ba80000,0x000000001bb80000)]
  0x000000001a319800 JavaThread "Finalizer" daemon [_thread_blocked, id=12456, stack(0x000000001b580000,0x000000001b680000)]
  0x00000000032d1000 JavaThread "Reference Handler" daemon [_thread_blocked, id=15916, stack(0x000000001b480000,0x000000001b580000)]
  0x0000000002ace000 JavaThread "main" [_thread_blocked, id=14456, stack(0x0000000002f60000,0x0000000003060000)]

Other Threads:
  0x000000001a2f7800 VMThread [stack: 0x000000001b380000,0x000000001b480000] [id=15060]
  0x000000001b77a800 WatcherThread [stack: 0x000000001c180000,0x000000001c280000] [id=4376]

VM state:not at safepoint (normal execution)

VM Mutex/Monitor currently owned by a thread: None

Heap:
 PSYoungGen      total 207872K, used 143097K [0x0000000780b00000, 0x0000000792900000, 0x00000007c0000000)
  eden space 191488K, 66% used [0x0000000780b00000,0x00000007886c0f60,0x000000078c600000)
  from space 16384K, 99% used [0x000000078c600000,0x000000078d5fd818,0x000000078d600000)
  to   space 24064K, 0% used [0x0000000791180000,0x0000000791180000,0x0000000792900000)
 ParOldGen       total 92672K, used 28199K [0x0000000702000000, 0x0000000707a80000, 0x0000000780b00000)
  object space 92672K, 30% used [0x0000000702000000,0x0000000703b89e30,0x0000000707a80000)
 Metaspace       used 24132K, capacity 24684K, committed 24832K, reserved 1071104K
  class space    used 2808K, capacity 2965K, committed 3072K, reserved 1048576K

Card table byte_map: [0x00000000126a0000,0x0000000012ca0000] byte_map_base: 0x000000000ee90000

Marking Bits: (ParMarkBitMap*) 0x000000006428d850
 Begin Bits: [0x00000000134a0000, 0x0000000016420000)
 End Bits:   [0x0000000016420000, 0x00000000193a0000)

Polling page: 0x00000000012c0000

CodeCache: size=245760Kb used=11990Kb max_used=12215Kb free=233770Kb
 bounds [0x00000000032e0000, 0x0000000003f00000, 0x00000000122e0000]
 total_blobs=3965 nmethods=3557 adapters=320
 compilation: enabled

Compilation events (10 events):
Event: 7.122 Thread 0x000000001b6c6800 4085       1       org.apache.catalina.deploy.WebXml::getTaglibs (5 bytes)
Event: 7.122 Thread 0x000000001b6c6800 nmethod 4085 0x00000000037a19d0 code [0x00000000037a1b20, 0x00000000037a1c30]
Event: 7.122 Thread 0x000000001b6c6800 4086       1       org.apache.catalina.deploy.WebXml::getPostConstructMethods (5 bytes)
Event: 7.122 Thread 0x000000001b6c6800 nmethod 4086 0x00000000037a1710 code [0x00000000037a1860, 0x00000000037a1970]
Event: 7.122 Thread 0x000000001b6c6800 4087       1       org.apache.catalina.deploy.WebXml::getPreDestroyMethods (5 bytes)
Event: 7.122 Thread 0x000000001b6c6800 nmethod 4087 0x00000000037a1450 code [0x00000000037a15a0, 0x00000000037a16b0]
Event: 7.305 Thread 0x000000001b6c6800 4088       3       java.io.DataInputStream::readUnsignedByte (22 bytes)
Event: 7.306 Thread 0x000000001b6c6800 nmethod 4088 0x00000000037a0e90 code [0x00000000037a1020, 0x00000000037a1338]
Event: 7.314 Thread 0x000000001b6c6800 4089       3       java.util.WeakHashMap::newTable (8 bytes)
Event: 7.314 Thread 0x000000001b6c6800 nmethod 4089 0x00000000037a0a90 code [0x00000000037a0be0, 0x00000000037a0db0]

GC Heap History (10 events):
Event: 4.108 GC heap before
{Heap before GC invocations=4 (full 0):
 PSYoungGen      total 56832K, used 56801K [0x0000000780b00000, 0x0000000787a00000, 0x00000007c0000000)
  eden space 49152K, 100% used [0x0000000780b00000,0x0000000783b00000,0x0000000783b00000)
  from space 7680K, 99% used [0x0000000783b00000,0x0000000784278470,0x0000000784280000)
  to   space 7680K, 0% used [0x0000000787280000,0x0000000787280000,0x0000000787a00000)
 ParOldGen       total 130048K, used 3942K [0x0000000702000000, 0x0000000709f00000, 0x0000000780b00000)
  object space 130048K, 3% used [0x0000000702000000,0x00000007023d9968,0x0000000709f00000)
 Metaspace       used 17708K, capacity 18144K, committed 18432K, reserved 1064960K
  class space    used 2069K, capacity 2190K, committed 2304K, reserved 1048576K
Event: 4.129 GC heap after
Heap after GC invocations=4 (full 0):
 PSYoungGen      total 105984K, used 7665K [0x0000000780b00000, 0x0000000787a00000, 0x00000007c0000000)
  eden space 98304K, 0% used [0x0000000780b00000,0x0000000780b00000,0x0000000786b00000)
  from space 7680K, 99% used [0x0000000787280000,0x00000007879fc440,0x0000000787a00000)
  to   space 7680K, 0% used [0x0000000786b00000,0x0000000786b00000,0x0000000787280000)
 ParOldGen       total 130048K, used 7404K [0x0000000702000000, 0x0000000709f00000, 0x0000000780b00000)
  object space 130048K, 5% used [0x0000000702000000,0x000000070273b3a0,0x0000000709f00000)
 Metaspace       used 17708K, capacity 18144K, committed 18432K, reserved 1064960K
  class space    used 2069K, capacity 2190K, committed 2304K, reserved 1048576K
}
Event: 4.820 GC heap before
{Heap before GC invocations=5 (full 0):
 PSYoungGen      total 105984K, used 56735K [0x0000000780b00000, 0x0000000787a00000, 0x00000007c0000000)
  eden space 98304K, 49% used [0x0000000780b00000,0x0000000783aebb98,0x0000000786b00000)
  from space 7680K, 99% used [0x0000000787280000,0x00000007879fc440,0x0000000787a00000)
  to   space 7680K, 0% used [0x0000000786b00000,0x0000000786b00000,0x0000000787280000)
 ParOldGen       total 130048K, used 7404K [0x0000000702000000, 0x0000000709f00000, 0x0000000780b00000)
  object space 130048K, 5% used [0x0000000702000000,0x000000070273b3a0,0x0000000709f00000)
 Metaspace       used 20671K, capacity 21156K, committed 21248K, reserved 1069056K
  class space    used 2421K, capacity 2558K, committed 2560K, reserved 1048576K
Event: 4.838 GC heap after
Heap after GC invocations=5 (full 0):
 PSYoungGen      total 105984K, used 7649K [0x0000000780b00000, 0x000000078e600000, 0x00000007c0000000)
  eden space 98304K, 0% used [0x0000000780b00000,0x0000000780b00000,0x0000000786b00000)
  from space 7680K, 99% used [0x0000000786b00000,0x0000000787278450,0x0000000787280000)
  to   space 13824K, 0% used [0x000000078d880000,0x000000078d880000,0x000000078e600000)
 ParOldGen       total 130048K, used 11895K [0x0000000702000000, 0x0000000709f00000, 0x0000000780b00000)
  object space 130048K, 9% used [0x0000000702000000,0x0000000702b9dfd8,0x0000000709f00000)
 Metaspace       used 20671K, capacity 21156K, committed 21248K, reserved 1069056K
  class space    used 2421K, capacity 2558K, committed 2560K, reserved 1048576K
}
Event: 4.838 GC heap before
{Heap before GC invocations=6 (full 1):
 PSYoungGen      total 105984K, used 7649K [0x0000000780b00000, 0x000000078e600000, 0x00000007c0000000)
  eden space 98304K, 0% used [0x0000000780b00000,0x0000000780b00000,0x0000000786b00000)
  from space 7680K, 99% used [0x0000000786b00000,0x0000000787278450,0x0000000787280000)
  to   space 13824K, 0% used [0x000000078d880000,0x000000078d880000,0x000000078e600000)
 ParOldGen       total 130048K, used 11895K [0x0000000702000000, 0x0000000709f00000, 0x0000000780b00000)
  object space 130048K, 9% used [0x0000000702000000,0x0000000702b9dfd8,0x0000000709f00000)
 Metaspace       used 20671K, capacity 21156K, committed 21248K, reserved 1069056K
  class space    used 2421K, capacity 2558K, committed 2560K, reserved 1048576K
Event: 4.917 GC heap after
Heap after GC invocations=6 (full 1):
 PSYoungGen      total 105984K, used 0K [0x0000000780b00000, 0x000000078e600000, 0x00000007c0000000)
  eden space 98304K, 0% used [0x0000000780b00000,0x0000000780b00000,0x0000000786b00000)
  from space 7680K, 0% used [0x0000000786b00000,0x0000000786b00000,0x0000000787280000)
  to   space 13824K, 0% used [0x000000078d880000,0x000000078d880000,0x000000078e600000)
 ParOldGen       total 92672K, used 15297K [0x0000000702000000, 0x0000000707a80000, 0x0000000780b00000)
  object space 92672K, 16% used [0x0000000702000000,0x0000000702ef0770,0x0000000707a80000)
 Metaspace       used 20671K, capacity 21156K, committed 21248K, reserved 1069056K
  class space    used 2421K, capacity 2558K, committed 2560K, reserved 1048576K
}
Event: 5.908 GC heap before
{Heap before GC invocations=7 (full 1):
 PSYoungGen      total 105984K, used 98304K [0x0000000780b00000, 0x000000078e600000, 0x00000007c0000000)
  eden space 98304K, 100% used [0x0000000780b00000,0x0000000786b00000,0x0000000786b00000)
  from space 7680K, 0% used [0x0000000786b00000,0x0000000786b00000,0x0000000787280000)
  to   space 13824K, 0% used [0x000000078d880000,0x000000078d880000,0x000000078e600000)
 ParOldGen       total 92672K, used 15297K [0x0000000702000000, 0x0000000707a80000, 0x0000000780b00000)
  object space 92672K, 16% used [0x0000000702000000,0x0000000702ef0770,0x0000000707a80000)
 Metaspace       used 24111K, capacity 24680K, committed 24832K, reserved 1071104K
  class space    used 2807K, capacity 2965K, committed 3072K, reserved 1048576K
Event: 5.932 GC heap after
Heap after GC invocations=7 (full 1):
 PSYoungGen      total 166912K, used 13792K [0x0000000780b00000, 0x000000078e600000, 0x00000007c0000000)
  eden space 153088K, 0% used [0x0000000780b00000,0x0000000780b00000,0x000000078a080000)
  from space 13824K, 99% used [0x000000078d880000,0x000000078e5f8200,0x000000078e600000)
  to   space 16384K, 0% used [0x000000078c600000,0x000000078c600000,0x000000078d600000)
 ParOldGen       total 92672K, used 17658K [0x0000000702000000, 0x0000000707a80000, 0x0000000780b00000)
  object space 92672K, 19% used [0x0000000702000000,0x000000070313e998,0x0000000707a80000)
 Metaspace       used 24111K, capacity 24680K, committed 24832K, reserved 1071104K
  class space    used 2807K, capacity 2965K, committed 3072K, reserved 1048576K
}
Event: 6.902 GC heap before
{Heap before GC invocations=8 (full 1):
 PSYoungGen      total 166912K, used 166880K [0x0000000780b00000, 0x000000078e600000, 0x00000007c0000000)
  eden space 153088K, 100% used [0x0000000780b00000,0x000000078a080000,0x000000078a080000)
  from space 13824K, 99% used [0x000000078d880000,0x000000078e5f8200,0x000000078e600000)
  to   space 16384K, 0% used [0x000000078c600000,0x000000078c600000,0x000000078d600000)
 ParOldGen       total 92672K, used 17658K [0x0000000702000000, 0x0000000707a80000, 0x0000000780b00000)
  object space 92672K, 19% used [0x0000000702000000,0x000000070313e998,0x0000000707a80000)
 Metaspace       used 24132K, capacity 24684K, committed 24832K, reserved 1071104K
  class space    used 2808K, capacity 2965K, committed 3072K, reserved 1048576K
Event: 6.938 GC heap after
Heap after GC invocations=8 (full 1):
 PSYoungGen      total 207872K, used 16374K [0x0000000780b00000, 0x0000000792900000, 0x00000007c0000000)
  eden space 191488K, 0% used [0x0000000780b00000,0x0000000780b00000,0x000000078c600000)
  from space 16384K, 99% used [0x000000078c600000,0x000000078d5fd818,0x000000078d600000)
  to   space 24064K, 0% used [0x0000000791180000,0x0000000791180000,0x0000000792900000)
 ParOldGen       total 92672K, used 28199K [0x0000000702000000, 0x0000000707a80000, 0x0000000780b00000)
  object space 92672K, 30% used [0x0000000702000000,0x0000000703b89e30,0x0000000707a80000)
 Metaspace       used 24132K, capacity 24684K, committed 24832K, reserved 1071104K
  class space    used 2808K, capacity 2965K, committed 3072K, reserved 1048576K
}

Deoptimization events (10 events):
Event: 4.997 Thread 0x0000000002ace000 Uncommon trap: reason=class_check action=maybe_recompile pc=0x0000000003a99d9c method=java.util.Hashtable.put(Ljava/lang/Object;Ljava/lang/Object;)Ljava/lang/Object; @ 18
Event: 5.159 Thread 0x0000000002ace000 Uncommon trap: reason=unstable_if action=reinterpret pc=0x0000000003699fb8 method=java.lang.CharacterData.of(I)Ljava/lang/CharacterData; @ 4
Event: 5.161 Thread 0x0000000002ace000 Uncommon trap: reason=bimorphic action=maybe_recompile pc=0x000000000388f840 method=java.util.regex.Pattern$CharProperty.match(Ljava/util/regex/Matcher;ILjava/lang/CharSequence;)Z @ 37
Event: 5.182 Thread 0x0000000002ace000 Uncommon trap: reason=unstable_if action=reinterpret pc=0x0000000003892a3c method=java.net.URI.match(CJJ)Z @ 45
Event: 5.389 Thread 0x000000001c686800 Uncommon trap: reason=unstable_if action=reinterpret pc=0x0000000003d23e88 method=java.util.concurrent.ConcurrentHashMap.replaceNode(Ljava/lang/Object;Ljava/lang/Object;Ljava/lang/Object;)Ljava/lang/Object; @ 47
Event: 5.820 Thread 0x000000001c686800 Uncommon trap: reason=unstable_if action=reinterpret pc=0x0000000003bad958 method=org.codehaus.plexus.classworlds.realm.Entry.matches(Ljava/lang/String;)Z @ 209
Event: 5.867 Thread 0x000000001c686800 Uncommon trap: reason=unstable_if action=reinterpret pc=0x00000000038869b0 method=java.util.HashMap.removeNode(ILjava/lang/Object;Ljava/lang/Object;ZZ)Ljava/util/HashMap$Node; @ 71
Event: 5.960 Thread 0x000000001c686800 Uncommon trap: reason=unstable_if action=reinterpret pc=0x000000000390efb8 method=java.util.LinkedHashMap.afterNodeAccess(Ljava/util/HashMap$Node;)V @ 41
Event: 6.501 Thread 0x000000001c686800 Uncommon trap: reason=unloaded action=reinterpret pc=0x0000000003ed8b3c method=org.apache.tomcat.util.bcel.classfile.Attribute.readAttribute(Ljava/io/DataInputStream;Lorg/apache/tomcat/util/bcel/classfile/ConstantPool;)Lorg/apache/tomcat/util/bcel/classfi
Event: 6.657 Thread 0x000000001c686800 Uncommon trap: reason=unstable_if action=reinterpret pc=0x00000000035d35f4 method=org.apache.catalina.startup.ContextConfig.getSCIsForClass(Ljava/lang/String;)Ljava/util/Set; @ 62

Internal exceptions (10 events):
Event: 2.035 Thread 0x0000000002ace000 Implicit null exception at 0x0000000003559696 to 0x0000000003559a41
Event: 2.035 Thread 0x0000000002ace000 Implicit null exception at 0x00000000034db896 to 0x00000000034dbc39
Event: 2.355 Thread 0x0000000002ace000 Implicit null exception at 0x00000000036bd155 to 0x00000000036bd355
Event: 2.355 Thread 0x0000000002ace000 Implicit null exception at 0x000000000356406f to 0x00000000035640d9
Event: 2.386 Thread 0x0000000002ace000 Implicit null exception at 0x000000000383381b to 0x0000000003833ca5
Event: 2.430 Thread 0x0000000002ace000 Implicit null exception at 0x000000000398a6c0 to 0x000000000398b909
Event: 4.002 Thread 0x0000000002ace000 Implicit null exception at 0x0000000003d18b77 to 0x0000000003d19e95
Event: 4.661 Thread 0x0000000002ace000 Exception <a 'java/io/FileNotFoundException'> (0x0000000782f057a0) thrown at [C:\re\workspace\8-2-build-windows-amd64-cygwin\jdk8u144\9417\hotspot\src\share\vm\prims\jni.cpp, line 709]
Event: 5.389 Thread 0x000000001c686800 Implicit null exception at 0x0000000003d238fe to 0x0000000003d23e55
Event: 5.959 Thread 0x000000001c686800 Implicit null exception at 0x000000000390ed3e to 0x000000000390ef91

Events (10 events):
Event: 6.952 Executing VM operation: RevokeBias done
Event: 6.952 Executing VM operation: RevokeBias
Event: 6.952 Executing VM operation: RevokeBias done
Event: 6.952 Executing VM operation: BulkRevokeBias
Event: 6.952 Executing VM operation: BulkRevokeBias done
Event: 7.119 Thread 0x000000001b6c6800 flushing nmethod 0x00000000037a0a90
Event: 7.119 Thread 0x000000001b6c6800 flushing nmethod 0x00000000037a1990
Event: 7.119 Thread 0x000000001b6c6800 flushing nmethod 0x0000000003860fd0
Event: 7.120 Thread 0x000000001b6c6800 flushing nmethod 0x00000000039dbbd0
Event: 7.120 Thread 0x000000001b6c6800 flushing nmethod 0x0000000003ab4250


Dynamic libraries:
0x00007ff7f8f30000 - 0x00007ff7f8f67000 	C:\Program Files\Java\jdk1.8.0_144\bin\java.exe
0x00007fff43dd0000 - 0x00007fff43fb1000 	C:\WINDOWS\SYSTEM32\ntdll.dll
0x00007fff438d0000 - 0x00007fff43982000 	C:\WINDOWS\System32\KERNEL32.DLL
0x00007fff40240000 - 0x00007fff404b3000 	C:\WINDOWS\System32\KERNELBASE.dll
0x00007fff412d0000 - 0x00007fff41371000 	C:\WINDOWS\System32\ADVAPI32.dll
0x00007fff43280000 - 0x00007fff4331e000 	C:\WINDOWS\System32\msvcrt.dll
0x00007fff41830000 - 0x00007fff4188b000 	C:\WINDOWS\System32\sechost.dll
0x00007fff42fc0000 - 0x00007fff430e4000 	C:\WINDOWS\System32\RPCRT4.dll
0x00007fff430f0000 - 0x00007fff43280000 	C:\WINDOWS\System32\USER32.dll
0x00007fff40220000 - 0x00007fff40240000 	C:\WINDOWS\System32\win32u.dll
0x00007fff42f90000 - 0x00007fff42fb8000 	C:\WINDOWS\System32\GDI32.dll
0x00007fff404c0000 - 0x00007fff40652000 	C:\WINDOWS\System32\gdi32full.dll
0x00007fff410c0000 - 0x00007fff4115f000 	C:\WINDOWS\System32\msvcp_win.dll
0x00007fff41160000 - 0x00007fff4125a000 	C:\WINDOWS\System32\ucrtbase.dll
0x00007fff38f40000 - 0x00007fff391a9000 	C:\WINDOWS\WinSxS\amd64_microsoft.windows.common-controls_6595b64144ccf1df_6.0.17134.472_none_fb3f9af53068156d\COMCTL32.dll
0x00007fff41380000 - 0x00007fff416a2000 	C:\WINDOWS\System32\combase.dll
0x00007fff401a0000 - 0x00007fff4021a000 	C:\WINDOWS\System32\bcryptPrimitives.dll
0x00007fff41890000 - 0x00007fff418bd000 	C:\WINDOWS\System32\IMM32.DLL
0x0000000064310000 - 0x00000000643e2000 	C:\Program Files\Java\jdk1.8.0_144\jre\bin\msvcr100.dll
0x0000000063a70000 - 0x000000006430d000 	C:\Program Files\Java\jdk1.8.0_144\jre\bin\server\jvm.dll
0x00007fff439f0000 - 0x00007fff439f8000 	C:\WINDOWS\System32\PSAPI.DLL
0x00007fff3a6d0000 - 0x00007fff3a6f3000 	C:\WINDOWS\SYSTEM32\WINMM.dll
0x00007fff3efd0000 - 0x00007fff3efd9000 	C:\WINDOWS\SYSTEM32\WSOCK32.dll
0x00007fff3a0f0000 - 0x00007fff3a0fa000 	C:\WINDOWS\SYSTEM32\VERSION.dll
0x00007fff42f20000 - 0x00007fff42f8c000 	C:\WINDOWS\System32\WS2_32.dll
0x00007fff39bc0000 - 0x00007fff39bea000 	C:\WINDOWS\SYSTEM32\winmmbase.dll
0x00007fff40850000 - 0x00007fff40899000 	C:\WINDOWS\System32\cfgmgr32.dll
0x0000000065810000 - 0x000000006581f000 	C:\Program Files\Java\jdk1.8.0_144\jre\bin\verify.dll
0x0000000063a40000 - 0x0000000063a69000 	C:\Program Files\Java\jdk1.8.0_144\jre\bin\java.dll
0x00000000635e0000 - 0x0000000063603000 	C:\Program Files\Java\jdk1.8.0_144\jre\bin\instrument.dll
0x0000000063a20000 - 0x0000000063a36000 	C:\Program Files\Java\jdk1.8.0_144\jre\bin\zip.dll
0x00007fff41ae0000 - 0x00007fff42f20000 	C:\WINDOWS\System32\SHELL32.dll
0x00007fff43af0000 - 0x00007fff43b99000 	C:\WINDOWS\System32\shcore.dll
0x00007fff409b0000 - 0x00007fff410bd000 	C:\WINDOWS\System32\windows.storage.dll
0x00007fff43ba0000 - 0x00007fff43bf1000 	C:\WINDOWS\System32\shlwapi.dll
0x00007fff40180000 - 0x00007fff40191000 	C:\WINDOWS\System32\kernel.appcore.dll
0x00007fff40160000 - 0x00007fff4017f000 	C:\WINDOWS\System32\profapi.dll
0x00007fff400e0000 - 0x00007fff4012c000 	C:\WINDOWS\System32\powrprof.dll
0x00007fff40150000 - 0x00007fff4015a000 	C:\WINDOWS\System32\FLTLIB.DLL
0x00007fff36d40000 - 0x00007fff36d5a000 	D:\Develop\IntelliJ IDEA 2017.3.4\bin\breakgen64.dll
0x00000000639f0000 - 0x0000000063a0a000 	C:\Program Files\Java\jdk1.8.0_144\jre\bin\net.dll
0x00007fff3f960000 - 0x00007fff3f9c6000 	C:\WINDOWS\system32\mswsock.dll
0x00007fff3fb10000 - 0x00007fff3fb27000 	C:\WINDOWS\SYSTEM32\CRYPTSP.dll
0x00007fff3f540000 - 0x00007fff3f573000 	C:\WINDOWS\system32\rsaenh.dll
0x00007fff3fc40000 - 0x00007fff3fc65000 	C:\WINDOWS\SYSTEM32\bcrypt.dll
0x00007fff3ffe0000 - 0x00007fff40008000 	C:\WINDOWS\SYSTEM32\USERENV.dll
0x00007fff3fb30000 - 0x00007fff3fb3b000 	C:\WINDOWS\SYSTEM32\CRYPTBASE.dll
0x00007fff3f6e0000 - 0x00007fff3f718000 	C:\WINDOWS\SYSTEM32\IPHLPAPI.DLL
0x00007fff417a0000 - 0x00007fff417a8000 	C:\WINDOWS\System32\NSI.dll
0x00007fff3ca40000 - 0x00007fff3ca56000 	C:\WINDOWS\SYSTEM32\dhcpcsvc6.DLL
0x00007fff3ca10000 - 0x00007fff3ca2a000 	C:\WINDOWS\SYSTEM32\dhcpcsvc.DLL
0x00000000639d0000 - 0x00000000639e1000 	C:\Program Files\Java\jdk1.8.0_144\jre\bin\nio.dll
0x00007fff35de0000 - 0x00007fff35dea000 	C:\Users\asus\AppData\Local\Temp\jansi-1.16-5126035529980205520.dll
0x00007fff35dd0000 - 0x00007fff35dda000 	C:\Users\asus\AppData\Local\Temp\jansi-1.16-5926902573959044326.dll
0x0000000063a10000 - 0x0000000063a1d000 	C:\Program Files\Java\jdk1.8.0_144\jre\bin\management.dll

VM Arguments:
jvm_args: -Dmaven.multiModuleProjectDirectory=D:\Develop\pinyougou_project\pinyougou_parent\pinyougou_manager_web -Dfile.encoding=GB2312 -Darchetypecatalog=internal -Dmaven.home=D:\Develop\apache-maven-3.5.2 -Dclassworlds.conf=D:\Develop\apache-maven-3.5.2\bin\m2.conf -javaagent:D:\Develop\IntelliJ IDEA 2017.3.4\lib\idea_rt.jar=64614:D:\Develop\IntelliJ IDEA 2017.3.4\bin 
java_command: org.codehaus.classworlds.Launcher -Didea.version=2017.3.4 --offline -s D:\Develop\apache-maven-3.5.2\conf\settings.xml tomcat7:run
java_class_path (initial): D:\Develop\apache-maven-3.5.2\boot\plexus-classworlds-2.5.2.jar;D:\Develop\IntelliJ IDEA 2017.3.4\lib\idea_rt.jar
Launcher Type: SUN_STANDARD

Environment Variables:
JAVA_HOME=C:\Program Files\Java\jdk1.8.0_144
PATH=C:\Program Files\Java\jdk1.8.0_144\bin;C:\Program Files (x86)\NVIDIA Corporation\PhysX\Common;C:\Windows\system32;C:\Windows;C:\Windows\System32\Wbem;C:\Windows\System32\WindowsPowerShell\v1.0\;D:\Program Files\MySQL\MySQL Server 5.5\bin;C:\WINDOWS\system32;C:\WINDOWS;C:\WINDOWS\System32\Wbem;C:\WINDOWS\System32\WindowsPowerShell\v1.0\;C:\WINDOWS\System32\OpenSSH\;D:\Develop\apache-maven-3.5.2\bin;D:\Develop\Git\cmd;D:\Develop\TortoiseGit\bin;C:\Users\asus\AppData\Local\Microsoft\WindowsApps;;D:\Microsoft VS Code\bin
USERNAME=asus
OS=Windows_NT
PROCESSOR_IDENTIFIER=Intel64 Family 6 Model 78 Stepping 3, GenuineIntel



---------------  S Y S T E M  ---------------

OS: Windows 10.0 , 64 bit Build 17134 (10.0.17134.1)

CPU:total 4 (initial active 4) (2 cores per cpu, 2 threads per core) family 6 model 78 stepping 3, cmov, cx8, fxsr, mmx, sse, sse2, sse3, ssse3, sse4.1, sse4.2, popcnt, avx, avx2, aes, clmul, erms, 3dnowpref, lzcnt, ht, tsc, tscinvbit, bmi1, bmi2, adx

Memory: 4k page, physical 12446852k(3042744k free), swap 25554048k(4584k free)

vm_info: Java HotSpot(TM) 64-Bit Server VM (25.144-b01) for windows-amd64 JRE (1.8.0_144-b01), built on Jul 21 2017 21:57:33 by "java_re" with MS VC++ 10.0 (VS2010)

time: Wed Dec 26 20:42:54 2018
elapsed time: 7 seconds (0d 0h 0m 7s)

